2020-11-03 18:31:30.925 [main] INFO  com.example.demo.SareetaApplication - Starting SareetaApplication on Marias-Air with PID 7740 (started by maria in /Users/maria/Desktop/java udacity/lesson4/project/P04-eCommerce Application)
2020-11-03 18:31:30.945 [main] INFO  com.example.demo.SareetaApplication - No active profile set, falling back to default profiles: default
2020-11-03 18:31:32.918 [main] INFO  org.springframework.data.repository.config.RepositoryConfigurationDelegate - Bootstrapping Spring Data repositories in DEFAULT mode.
2020-11-03 18:31:33.167 [main] INFO  org.springframework.data.repository.config.RepositoryConfigurationDelegate - Finished Spring Data repository scanning in 219ms. Found 4 repository interfaces.
2020-11-03 18:31:34.708 [main] INFO  org.springframework.context.support.PostProcessorRegistrationDelegate$BeanPostProcessorChecker - Bean 'org.springframework.transaction.annotation.ProxyTransactionManagementConfiguration' of type [org.springframework.transaction.annotation.ProxyTransactionManagementConfiguration$$EnhancerBySpringCGLIB$$40386111] is not eligible for getting processed by all BeanPostProcessors (for example: not eligible for auto-proxying)
2020-11-03 18:31:34.787 [main] INFO  org.springframework.context.support.PostProcessorRegistrationDelegate$BeanPostProcessorChecker - Bean 'org.springframework.security.config.annotation.configuration.ObjectPostProcessorConfiguration' of type [org.springframework.security.config.annotation.configuration.ObjectPostProcessorConfiguration$$EnhancerBySpringCGLIB$$d8e6294b] is not eligible for getting processed by all BeanPostProcessors (for example: not eligible for auto-proxying)
2020-11-03 18:31:34.799 [main] INFO  org.springframework.context.support.PostProcessorRegistrationDelegate$BeanPostProcessorChecker - Bean 'objectPostProcessor' of type [org.springframework.security.config.annotation.configuration.AutowireBeanFactoryObjectPostProcessor] is not eligible for getting processed by all BeanPostProcessors (for example: not eligible for auto-proxying)
2020-11-03 18:31:34.802 [main] INFO  org.springframework.context.support.PostProcessorRegistrationDelegate$BeanPostProcessorChecker - Bean 'org.springframework.security.access.expression.method.DefaultMethodSecurityExpressionHandler@6b1e7ad3' of type [org.springframework.security.access.expression.method.DefaultMethodSecurityExpressionHandler] is not eligible for getting processed by all BeanPostProcessors (for example: not eligible for auto-proxying)
2020-11-03 18:31:34.805 [main] INFO  org.springframework.context.support.PostProcessorRegistrationDelegate$BeanPostProcessorChecker - Bean 'org.springframework.security.config.annotation.method.configuration.GlobalMethodSecurityConfiguration' of type [org.springframework.security.config.annotation.method.configuration.GlobalMethodSecurityConfiguration$$EnhancerBySpringCGLIB$$fdbacbfd] is not eligible for getting processed by all BeanPostProcessors (for example: not eligible for auto-proxying)
2020-11-03 18:31:34.815 [main] INFO  org.springframework.context.support.PostProcessorRegistrationDelegate$BeanPostProcessorChecker - Bean 'methodSecurityMetadataSource' of type [org.springframework.security.access.method.DelegatingMethodSecurityMetadataSource] is not eligible for getting processed by all BeanPostProcessors (for example: not eligible for auto-proxying)
2020-11-03 18:31:35.359 [main] INFO  org.springframework.boot.web.embedded.tomcat.TomcatWebServer - Tomcat initialized with port(s): 8080 (http)
2020-11-03 18:31:35.499 [main] INFO  org.apache.coyote.http11.Http11NioProtocol - Initializing ProtocolHandler ["http-nio-8080"]
2020-11-03 18:31:35.522 [main] INFO  org.apache.catalina.core.StandardService - Starting service [Tomcat]
2020-11-03 18:31:35.523 [main] INFO  org.apache.catalina.core.StandardEngine - Starting Servlet engine: [Apache Tomcat/9.0.19]
2020-11-03 18:31:35.746 [main] INFO  org.apache.catalina.core.ContainerBase.[Tomcat].[localhost].[/] - Initializing Spring embedded WebApplicationContext
2020-11-03 18:31:35.746 [main] INFO  org.springframework.web.context.ContextLoader - Root WebApplicationContext: initialization completed in 4573 ms
2020-11-03 18:31:36.155 [main] INFO  com.zaxxer.hikari.HikariDataSource - HikariPool-1 - Starting...
2020-11-03 18:31:36.649 [main] INFO  com.zaxxer.hikari.HikariDataSource - HikariPool-1 - Start completed.
2020-11-03 18:31:36.797 [main] INFO  org.hibernate.jpa.internal.util.LogHelper - HHH000204: Processing PersistenceUnitInfo [
	name: default
	...]
2020-11-03 18:31:37.084 [main] INFO  org.hibernate.Version - HHH000412: Hibernate Core {5.3.10.Final}
2020-11-03 18:31:37.087 [main] INFO  org.hibernate.cfg.Environment - HHH000206: hibernate.properties not found
2020-11-03 18:31:37.862 [main] INFO  org.hibernate.annotations.common.Version - HCANN000001: Hibernate Commons Annotations {5.0.4.Final}
2020-11-03 18:31:38.346 [main] INFO  org.hibernate.dialect.Dialect - HHH000400: Using dialect: org.hibernate.dialect.H2Dialect
2020-11-03 18:31:40.846 [main] INFO  org.springframework.orm.jpa.LocalContainerEntityManagerFactoryBean - Initialized JPA EntityManagerFactory for persistence unit 'default'
2020-11-03 18:31:43.272 [main] INFO  org.springframework.security.web.DefaultSecurityFilterChain - Creating filter chain: any request, [org.springframework.security.web.context.request.async.WebAsyncManagerIntegrationFilter@66e1b2a, org.springframework.security.web.context.SecurityContextPersistenceFilter@5f0d8937, org.springframework.security.web.header.HeaderWriterFilter@68d8eb4f, org.springframework.web.filter.CorsFilter@343db2f6, org.springframework.security.web.authentication.logout.LogoutFilter@618f627b, com.example.demo.security.JWTAuthenticationFilter@2c815fdc, com.example.demo.security.JWTAuthenticationVerficationFilter@769b0752, org.springframework.security.web.savedrequest.RequestCacheAwareFilter@504b8705, org.springframework.security.web.servletapi.SecurityContextHolderAwareRequestFilter@779228dc, org.springframework.security.web.authentication.AnonymousAuthenticationFilter@dae5e0, org.springframework.security.web.session.SessionManagementFilter@4813d0, org.springframework.security.web.access.ExceptionTranslationFilter@45c423b3, org.springframework.security.web.access.intercept.FilterSecurityInterceptor@20be890d]
2020-11-03 18:31:43.714 [main] INFO  org.springframework.scheduling.concurrent.ThreadPoolTaskExecutor - Initializing ExecutorService 'applicationTaskExecutor'
2020-11-03 18:31:43.847 [main] WARN  org.springframework.boot.autoconfigure.orm.jpa.JpaBaseConfiguration$JpaWebConfiguration$JpaWebMvcConfiguration - spring.jpa.open-in-view is enabled by default. Therefore, database queries may be performed during view rendering. Explicitly configure spring.jpa.open-in-view to disable this warning
2020-11-03 18:31:44.318 [main] INFO  org.apache.coyote.http11.Http11NioProtocol - Starting ProtocolHandler ["http-nio-8080"]
2020-11-03 18:31:44.379 [main] INFO  org.springframework.boot.web.embedded.tomcat.TomcatWebServer - Tomcat started on port(s): 8080 (http) with context path ''
2020-11-03 18:31:44.384 [main] INFO  com.example.demo.SareetaApplication - Started SareetaApplication in 14.496 seconds (JVM running for 16.404)
2020-11-03 18:31:45.348 [http-nio-8080-exec-2] INFO  org.apache.catalina.core.ContainerBase.[Tomcat].[localhost].[/] - Initializing Spring DispatcherServlet 'dispatcherServlet'
2020-11-03 18:31:45.348 [http-nio-8080-exec-2] INFO  org.springframework.web.servlet.DispatcherServlet - Initializing Servlet 'dispatcherServlet'
2020-11-03 18:31:45.369 [http-nio-8080-exec-2] INFO  org.springframework.web.servlet.DispatcherServlet - Completed initialization in 20 ms
2020-11-03 18:31:46.046 [http-nio-8080-exec-2] INFO  com.example.demo.controllers.UserController - Creating user Maria.
2020-11-03 18:31:46.882 [http-nio-8080-exec-2] INFO  com.example.demo.controllers.UserController - User with username Maria is created.
2020-11-03 18:31:59.461 [http-nio-8080-exec-3] INFO  com.example.demo.security.JWTAuthenticationFilter - User attempting authentication: Maria
2020-11-03 18:31:59.654 [http-nio-8080-exec-3] INFO  org.hibernate.hql.internal.QueryTranslatorFactoryInitiator - HHH000397: Using ASTQueryTranslatorFactory
2020-11-03 18:32:00.254 [http-nio-8080-exec-3] WARN  org.springframework.security.crypto.bcrypt.BCryptPasswordEncoder - Encoded password does not look like BCrypt
2020-11-03 18:32:00.255 [http-nio-8080-exec-3] INFO  com.example.demo.security.JWTAuthenticationFilter - User authentication failed.
2020-11-03 18:33:16.536 [Thread-4] INFO  org.springframework.scheduling.concurrent.ThreadPoolTaskExecutor - Shutting down ExecutorService 'applicationTaskExecutor'
2020-11-03 18:33:16.542 [Thread-4] INFO  org.springframework.orm.jpa.LocalContainerEntityManagerFactoryBean - Closing JPA EntityManagerFactory for persistence unit 'default'
2020-11-03 18:33:16.548 [Thread-4] INFO  com.zaxxer.hikari.HikariDataSource - HikariPool-1 - Shutdown initiated...
2020-11-03 18:33:16.563 [Thread-4] INFO  com.zaxxer.hikari.HikariDataSource - HikariPool-1 - Shutdown completed.
2020-11-03 18:33:50.003 [main] INFO  com.example.demo.SareetaApplication - Starting SareetaApplication on Marias-Air with PID 7814 (started by maria in /Users/maria/Desktop/java udacity/lesson4/project/P04-eCommerce Application)
2020-11-03 18:33:50.034 [main] INFO  com.example.demo.SareetaApplication - No active profile set, falling back to default profiles: default
2020-11-03 18:33:52.270 [main] INFO  org.springframework.data.repository.config.RepositoryConfigurationDelegate - Bootstrapping Spring Data repositories in DEFAULT mode.
2020-11-03 18:33:52.566 [main] INFO  org.springframework.data.repository.config.RepositoryConfigurationDelegate - Finished Spring Data repository scanning in 252ms. Found 4 repository interfaces.
2020-11-03 18:33:54.430 [main] INFO  org.springframework.context.support.PostProcessorRegistrationDelegate$BeanPostProcessorChecker - Bean 'org.springframework.transaction.annotation.ProxyTransactionManagementConfiguration' of type [org.springframework.transaction.annotation.ProxyTransactionManagementConfiguration$$EnhancerBySpringCGLIB$$673436dd] is not eligible for getting processed by all BeanPostProcessors (for example: not eligible for auto-proxying)
2020-11-03 18:33:54.523 [main] INFO  org.springframework.context.support.PostProcessorRegistrationDelegate$BeanPostProcessorChecker - Bean 'org.springframework.security.config.annotation.configuration.ObjectPostProcessorConfiguration' of type [org.springframework.security.config.annotation.configuration.ObjectPostProcessorConfiguration$$EnhancerBySpringCGLIB$$ffe1ff17] is not eligible for getting processed by all BeanPostProcessors (for example: not eligible for auto-proxying)
2020-11-03 18:33:54.538 [main] INFO  org.springframework.context.support.PostProcessorRegistrationDelegate$BeanPostProcessorChecker - Bean 'objectPostProcessor' of type [org.springframework.security.config.annotation.configuration.AutowireBeanFactoryObjectPostProcessor] is not eligible for getting processed by all BeanPostProcessors (for example: not eligible for auto-proxying)
2020-11-03 18:33:54.541 [main] INFO  org.springframework.context.support.PostProcessorRegistrationDelegate$BeanPostProcessorChecker - Bean 'org.springframework.security.access.expression.method.DefaultMethodSecurityExpressionHandler@3005db4a' of type [org.springframework.security.access.expression.method.DefaultMethodSecurityExpressionHandler] is not eligible for getting processed by all BeanPostProcessors (for example: not eligible for auto-proxying)
2020-11-03 18:33:54.547 [main] INFO  org.springframework.context.support.PostProcessorRegistrationDelegate$BeanPostProcessorChecker - Bean 'org.springframework.security.config.annotation.method.configuration.GlobalMethodSecurityConfiguration' of type [org.springframework.security.config.annotation.method.configuration.GlobalMethodSecurityConfiguration$$EnhancerBySpringCGLIB$$24b6a1c9] is not eligible for getting processed by all BeanPostProcessors (for example: not eligible for auto-proxying)
2020-11-03 18:33:54.565 [main] INFO  org.springframework.context.support.PostProcessorRegistrationDelegate$BeanPostProcessorChecker - Bean 'methodSecurityMetadataSource' of type [org.springframework.security.access.method.DelegatingMethodSecurityMetadataSource] is not eligible for getting processed by all BeanPostProcessors (for example: not eligible for auto-proxying)
2020-11-03 18:33:55.412 [main] INFO  org.springframework.boot.web.embedded.tomcat.TomcatWebServer - Tomcat initialized with port(s): 8080 (http)
2020-11-03 18:33:55.578 [main] INFO  org.apache.coyote.http11.Http11NioProtocol - Initializing ProtocolHandler ["http-nio-8080"]
2020-11-03 18:33:55.601 [main] INFO  org.apache.catalina.core.StandardService - Starting service [Tomcat]
2020-11-03 18:33:55.602 [main] INFO  org.apache.catalina.core.StandardEngine - Starting Servlet engine: [Apache Tomcat/9.0.19]
2020-11-03 18:33:55.826 [main] INFO  org.apache.catalina.core.ContainerBase.[Tomcat].[localhost].[/] - Initializing Spring embedded WebApplicationContext
2020-11-03 18:33:55.827 [main] INFO  org.springframework.web.context.ContextLoader - Root WebApplicationContext: initialization completed in 5555 ms
2020-11-03 18:33:56.243 [main] INFO  com.zaxxer.hikari.HikariDataSource - HikariPool-1 - Starting...
2020-11-03 18:33:56.582 [main] INFO  com.zaxxer.hikari.HikariDataSource - HikariPool-1 - Start completed.
2020-11-03 18:33:56.930 [main] INFO  org.hibernate.jpa.internal.util.LogHelper - HHH000204: Processing PersistenceUnitInfo [
	name: default
	...]
2020-11-03 18:33:57.124 [main] INFO  org.hibernate.Version - HHH000412: Hibernate Core {5.3.10.Final}
2020-11-03 18:33:57.127 [main] INFO  org.hibernate.cfg.Environment - HHH000206: hibernate.properties not found
2020-11-03 18:33:57.408 [main] INFO  org.hibernate.annotations.common.Version - HCANN000001: Hibernate Commons Annotations {5.0.4.Final}
2020-11-03 18:33:57.699 [main] INFO  org.hibernate.dialect.Dialect - HHH000400: Using dialect: org.hibernate.dialect.H2Dialect
2020-11-03 18:33:58.947 [main] INFO  org.springframework.orm.jpa.LocalContainerEntityManagerFactoryBean - Initialized JPA EntityManagerFactory for persistence unit 'default'
2020-11-03 18:34:00.379 [main] INFO  org.springframework.security.web.DefaultSecurityFilterChain - Creating filter chain: any request, [org.springframework.security.web.context.request.async.WebAsyncManagerIntegrationFilter@4a122e68, org.springframework.security.web.context.SecurityContextPersistenceFilter@38e00b47, org.springframework.security.web.header.HeaderWriterFilter@20be890d, org.springframework.web.filter.CorsFilter@41be8db9, org.springframework.security.web.authentication.logout.LogoutFilter@2b1a901d, com.example.demo.security.JWTAuthenticationFilter@2c2a7d53, com.example.demo.security.JWTAuthenticationVerficationFilter@46524ebe, org.springframework.security.web.savedrequest.RequestCacheAwareFilter@425b5fe2, org.springframework.security.web.servletapi.SecurityContextHolderAwareRequestFilter@59a94d0f, org.springframework.security.web.authentication.AnonymousAuthenticationFilter@1de85972, org.springframework.security.web.session.SessionManagementFilter@534762ed, org.springframework.security.web.access.ExceptionTranslationFilter@7d12429, org.springframework.security.web.access.intercept.FilterSecurityInterceptor@2d801d8]
2020-11-03 18:34:00.734 [main] INFO  org.springframework.scheduling.concurrent.ThreadPoolTaskExecutor - Initializing ExecutorService 'applicationTaskExecutor'
2020-11-03 18:34:00.824 [main] WARN  org.springframework.boot.autoconfigure.orm.jpa.JpaBaseConfiguration$JpaWebConfiguration$JpaWebMvcConfiguration - spring.jpa.open-in-view is enabled by default. Therefore, database queries may be performed during view rendering. Explicitly configure spring.jpa.open-in-view to disable this warning
2020-11-03 18:34:01.234 [main] INFO  org.apache.coyote.http11.Http11NioProtocol - Starting ProtocolHandler ["http-nio-8080"]
2020-11-03 18:34:01.300 [main] INFO  org.springframework.boot.web.embedded.tomcat.TomcatWebServer - Tomcat started on port(s): 8080 (http) with context path ''
2020-11-03 18:34:01.307 [main] INFO  com.example.demo.SareetaApplication - Started SareetaApplication in 12.4 seconds (JVM running for 15.13)
2020-11-03 18:34:09.282 [http-nio-8080-exec-2] INFO  org.apache.catalina.core.ContainerBase.[Tomcat].[localhost].[/] - Initializing Spring DispatcherServlet 'dispatcherServlet'
2020-11-03 18:34:09.284 [http-nio-8080-exec-2] INFO  org.springframework.web.servlet.DispatcherServlet - Initializing Servlet 'dispatcherServlet'
2020-11-03 18:34:09.308 [http-nio-8080-exec-2] INFO  org.springframework.web.servlet.DispatcherServlet - Completed initialization in 24 ms
2020-11-03 18:34:09.825 [http-nio-8080-exec-2] INFO  com.example.demo.controllers.UserController - Creating user Maria.
2020-11-03 18:34:10.422 [http-nio-8080-exec-2] INFO  com.example.demo.controllers.UserController - User with username Maria is created.
2020-11-03 18:34:13.650 [http-nio-8080-exec-3] INFO  com.example.demo.security.JWTAuthenticationFilter - User attempting authentication: Maria
2020-11-03 18:34:13.945 [http-nio-8080-exec-3] INFO  org.hibernate.hql.internal.QueryTranslatorFactoryInitiator - HHH000397: Using ASTQueryTranslatorFactory
2020-11-03 18:34:15.221 [http-nio-8080-exec-3] INFO  com.example.demo.security.JWTAuthenticationFilter - User authenticated: Maria
2020-11-03 18:34:32.366 [http-nio-8080-exec-4] INFO  com.example.demo.controllers.CartController - The item with id 2 is added in the cart.
2020-11-03 20:15:45.049 [http-nio-8080-exec-6] INFO  com.example.demo.controllers.OrderController - The order for user Maria  is submitted successfully.
2020-11-03 20:15:52.208 [http-nio-8080-exec-8] INFO  com.example.demo.controllers.OrderController - The user Flora is not found.
2020-11-03 20:16:03.384 [http-nio-8080-exec-9] INFO  com.example.demo.controllers.CartController - The item with id 3 is not found.
2020-11-03 20:16:26.097 [http-nio-8080-exec-10] INFO  com.example.demo.controllers.UserController - Get user by username: Maria 
2020-11-03 20:16:43.704 [http-nio-8080-exec-1] INFO  com.example.demo.controllers.UserController - Creating user Test.
2020-11-03 20:16:43.708 [http-nio-8080-exec-1] INFO  com.example.demo.controllers.UserController - Cannot create user Test. Password is not correctly confirmed.
2020-11-03 20:16:57.405 [http-nio-8080-exec-3] INFO  com.example.demo.controllers.UserController - Creating user AnotherTest.
2020-11-03 20:16:57.408 [http-nio-8080-exec-3] INFO  com.example.demo.controllers.UserController - Cannot create user AnotherTest. Password should be more than 7 digits.
2020-11-03 20:17:18.994 [http-nio-8080-exec-5] INFO  com.example.demo.controllers.UserController - Creating user Nikos.
2020-11-03 20:17:19.186 [http-nio-8080-exec-5] INFO  com.example.demo.controllers.UserController - User with username Nikos is created.
2020-11-03 20:17:30.037 [http-nio-8080-exec-7] INFO  com.example.demo.security.JWTAuthenticationFilter - User attempting authentication: Nikos
2020-11-03 20:17:30.204 [http-nio-8080-exec-7] INFO  com.example.demo.security.JWTAuthenticationFilter - User authenticated: Nikos
2020-11-03 20:17:47.331 [http-nio-8080-exec-6] INFO  com.example.demo.security.JWTAuthenticationFilter - User attempting authentication: Test
2020-11-03 20:17:47.336 [http-nio-8080-exec-6] INFO  com.example.demo.security.UserDetailsServiceImpl - Username Test not found
2020-11-03 20:17:47.497 [http-nio-8080-exec-6] INFO  com.example.demo.security.JWTAuthenticationFilter - User authentication failed.
2020-11-03 20:18:07.838 [http-nio-8080-exec-8] INFO  com.example.demo.controllers.CartController - The item with id 1 is added in the cart.
2020-11-03 20:18:14.751 [http-nio-8080-exec-9] INFO  com.example.demo.controllers.CartController - The item with id 2 is added in the cart.
2020-11-03 20:18:20.013 [http-nio-8080-exec-10] INFO  com.example.demo.controllers.CartController - The item with id 3 is not found.
2020-11-03 20:18:28.723 [http-nio-8080-exec-1] INFO  com.example.demo.controllers.CartController - The user Test is not found.
2020-11-03 20:18:46.806 [http-nio-8080-exec-2] INFO  com.example.demo.controllers.OrderController - The order for user Nikos  is submitted successfully.
2020-11-03 20:18:52.956 [http-nio-8080-exec-3] INFO  com.example.demo.controllers.OrderController - The user Test is not found.
2020-11-03 20:19:13.222 [http-nio-8080-exec-4] INFO  com.example.demo.controllers.UserController - Creating user Flora.
2020-11-03 20:19:13.412 [http-nio-8080-exec-4] INFO  com.example.demo.controllers.UserController - User with username Flora is created.
2020-11-03 20:19:24.260 [http-nio-8080-exec-5] INFO  com.example.demo.security.JWTAuthenticationFilter - User attempting authentication: Flora
2020-11-03 20:19:24.386 [http-nio-8080-exec-5] INFO  com.example.demo.security.JWTAuthenticationFilter - User authentication failed.
2020-11-03 20:19:29.721 [http-nio-8080-exec-7] INFO  com.example.demo.security.JWTAuthenticationFilter - User attempting authentication: Flora
2020-11-03 20:19:29.952 [http-nio-8080-exec-7] INFO  com.example.demo.security.JWTAuthenticationFilter - User authenticated: Flora
2020-11-03 20:20:02.981 [http-nio-8080-exec-6] INFO  com.example.demo.controllers.CartController - The item with id 2 is added in the cart.
2020-11-03 20:20:06.140 [http-nio-8080-exec-8] INFO  com.example.demo.controllers.CartController - The item with id 1 is added in the cart.
2020-11-03 20:20:17.678 [http-nio-8080-exec-9] INFO  com.example.demo.controllers.OrderController - The order for user Flora  is submitted successfully.
2020-11-03 20:20:55.845 [http-nio-8080-exec-10] INFO  com.example.demo.controllers.UserController - Creating user Test2.
2020-11-03 20:20:55.855 [http-nio-8080-exec-10] INFO  com.example.demo.controllers.UserController - Cannot create user Test2. Password should be more than 7 digits.
2020-11-03 20:21:12.794 [http-nio-8080-exec-2] INFO  com.example.demo.controllers.UserController - Creating user Test.
2020-11-03 20:21:13.091 [http-nio-8080-exec-2] INFO  com.example.demo.controllers.UserController - User with username Test is created.
2020-11-03 20:21:27.841 [http-nio-8080-exec-3] INFO  com.example.demo.security.JWTAuthenticationFilter - User attempting authentication: Test
2020-11-03 20:21:28.060 [http-nio-8080-exec-3] INFO  com.example.demo.security.JWTAuthenticationFilter - User authenticated: Test
2020-11-03 20:21:46.762 [http-nio-8080-exec-4] INFO  com.example.demo.controllers.CartController - The item with id 3 is not found.
2020-11-03 20:22:11.442 [http-nio-8080-exec-5] INFO  com.example.demo.controllers.CartController - The item with id 1 is added in the cart.
2020-11-03 20:22:22.534 [http-nio-8080-exec-7] INFO  com.example.demo.controllers.CartController - The item with id 2 is added in the cart.
2020-11-03 20:22:37.883 [http-nio-8080-exec-6] INFO  com.example.demo.controllers.OrderController - The order for user Test  is submitted successfully.
2020-11-04 00:19:21.149 [HikariPool-1 housekeeper] WARN  com.zaxxer.hikari.pool.HikariPool - HikariPool-1 - Thread starvation or clock leap detected (housekeeper delta=26m49s901ms).
2020-11-04 01:21:46.415 [Thread-4] INFO  org.springframework.scheduling.concurrent.ThreadPoolTaskExecutor - Shutting down ExecutorService 'applicationTaskExecutor'
2020-11-04 01:21:46.441 [Thread-4] INFO  org.springframework.orm.jpa.LocalContainerEntityManagerFactoryBean - Closing JPA EntityManagerFactory for persistence unit 'default'
2020-11-04 01:21:46.557 [Thread-4] INFO  com.zaxxer.hikari.HikariDataSource - HikariPool-1 - Shutdown initiated...
2020-11-04 01:21:46.613 [Thread-4] INFO  com.zaxxer.hikari.HikariDataSource - HikariPool-1 - Shutdown completed.
2020-11-04 02:31:31.845 [main] INFO  com.example.demo.SareetaApplication - Starting SareetaApplication on Marias-Air with PID 25259 (started by maria in /Users/maria/Desktop/java udacity/lesson4/project/P04-eCommerce Application)
2020-11-04 02:31:31.874 [main] INFO  com.example.demo.SareetaApplication - No active profile set, falling back to default profiles: default
2020-11-04 02:31:34.867 [main] INFO  org.springframework.data.repository.config.RepositoryConfigurationDelegate - Bootstrapping Spring Data repositories in DEFAULT mode.
2020-11-04 02:31:35.265 [main] INFO  org.springframework.data.repository.config.RepositoryConfigurationDelegate - Finished Spring Data repository scanning in 371ms. Found 4 repository interfaces.
2020-11-04 02:31:37.686 [main] INFO  org.springframework.context.support.PostProcessorRegistrationDelegate$BeanPostProcessorChecker - Bean 'org.springframework.transaction.annotation.ProxyTransactionManagementConfiguration' of type [org.springframework.transaction.annotation.ProxyTransactionManagementConfiguration$$EnhancerBySpringCGLIB$$995485fb] is not eligible for getting processed by all BeanPostProcessors (for example: not eligible for auto-proxying)
2020-11-04 02:31:37.853 [main] INFO  org.springframework.context.support.PostProcessorRegistrationDelegate$BeanPostProcessorChecker - Bean 'org.springframework.security.config.annotation.configuration.ObjectPostProcessorConfiguration' of type [org.springframework.security.config.annotation.configuration.ObjectPostProcessorConfiguration$$EnhancerBySpringCGLIB$$32024e35] is not eligible for getting processed by all BeanPostProcessors (for example: not eligible for auto-proxying)
2020-11-04 02:31:37.870 [main] INFO  org.springframework.context.support.PostProcessorRegistrationDelegate$BeanPostProcessorChecker - Bean 'objectPostProcessor' of type [org.springframework.security.config.annotation.configuration.AutowireBeanFactoryObjectPostProcessor] is not eligible for getting processed by all BeanPostProcessors (for example: not eligible for auto-proxying)
2020-11-04 02:31:37.876 [main] INFO  org.springframework.context.support.PostProcessorRegistrationDelegate$BeanPostProcessorChecker - Bean 'org.springframework.security.access.expression.method.DefaultMethodSecurityExpressionHandler@5486887b' of type [org.springframework.security.access.expression.method.DefaultMethodSecurityExpressionHandler] is not eligible for getting processed by all BeanPostProcessors (for example: not eligible for auto-proxying)
2020-11-04 02:31:37.884 [main] INFO  org.springframework.context.support.PostProcessorRegistrationDelegate$BeanPostProcessorChecker - Bean 'org.springframework.security.config.annotation.method.configuration.GlobalMethodSecurityConfiguration' of type [org.springframework.security.config.annotation.method.configuration.GlobalMethodSecurityConfiguration$$EnhancerBySpringCGLIB$$56d6f0e7] is not eligible for getting processed by all BeanPostProcessors (for example: not eligible for auto-proxying)
2020-11-04 02:31:37.900 [main] INFO  org.springframework.context.support.PostProcessorRegistrationDelegate$BeanPostProcessorChecker - Bean 'methodSecurityMetadataSource' of type [org.springframework.security.access.method.DelegatingMethodSecurityMetadataSource] is not eligible for getting processed by all BeanPostProcessors (for example: not eligible for auto-proxying)
2020-11-04 02:31:38.822 [main] INFO  org.springframework.boot.web.embedded.tomcat.TomcatWebServer - Tomcat initialized with port(s): 8080 (http)
2020-11-04 02:31:39.005 [main] INFO  org.apache.coyote.http11.Http11NioProtocol - Initializing ProtocolHandler ["http-nio-8080"]
2020-11-04 02:31:39.027 [main] INFO  org.apache.catalina.core.StandardService - Starting service [Tomcat]
2020-11-04 02:31:39.034 [main] INFO  org.apache.catalina.core.StandardEngine - Starting Servlet engine: [Apache Tomcat/9.0.19]
2020-11-04 02:31:39.458 [main] INFO  org.apache.catalina.core.ContainerBase.[Tomcat].[localhost].[/] - Initializing Spring embedded WebApplicationContext
2020-11-04 02:31:39.460 [main] INFO  org.springframework.web.context.ContextLoader - Root WebApplicationContext: initialization completed in 7341 ms
2020-11-04 02:31:40.097 [main] INFO  com.zaxxer.hikari.HikariDataSource - HikariPool-1 - Starting...
2020-11-04 02:31:40.845 [main] INFO  com.zaxxer.hikari.HikariDataSource - HikariPool-1 - Start completed.
2020-11-04 02:31:41.220 [main] INFO  org.hibernate.jpa.internal.util.LogHelper - HHH000204: Processing PersistenceUnitInfo [
	name: default
	...]
2020-11-04 02:31:41.685 [main] INFO  org.hibernate.Version - HHH000412: Hibernate Core {5.3.10.Final}
2020-11-04 02:31:41.689 [main] INFO  org.hibernate.cfg.Environment - HHH000206: hibernate.properties not found
2020-11-04 02:31:42.332 [main] INFO  org.hibernate.annotations.common.Version - HCANN000001: Hibernate Commons Annotations {5.0.4.Final}
2020-11-04 02:31:42.897 [main] INFO  org.hibernate.dialect.Dialect - HHH000400: Using dialect: org.hibernate.dialect.H2Dialect
2020-11-04 02:31:45.335 [main] INFO  org.springframework.orm.jpa.LocalContainerEntityManagerFactoryBean - Initialized JPA EntityManagerFactory for persistence unit 'default'
2020-11-04 02:31:47.565 [main] INFO  org.springframework.security.web.DefaultSecurityFilterChain - Creating filter chain: any request, [org.springframework.security.web.context.request.async.WebAsyncManagerIntegrationFilter@4cfc0c48, org.springframework.security.web.context.SecurityContextPersistenceFilter@2bdcfcf, org.springframework.security.web.header.HeaderWriterFilter@6b8bdcc6, org.springframework.web.filter.CorsFilter@59d5c537, org.springframework.security.web.authentication.logout.LogoutFilter@3d88ce0e, com.example.demo.security.JWTAuthenticationFilter@5464b97c, com.example.demo.security.JWTAuthenticationVerficationFilter@3355168, org.springframework.security.web.savedrequest.RequestCacheAwareFilter@5871a482, org.springframework.security.web.servletapi.SecurityContextHolderAwareRequestFilter@7ce30c0b, org.springframework.security.web.authentication.AnonymousAuthenticationFilter@2f07930a, org.springframework.security.web.session.SessionManagementFilter@24a3d414, org.springframework.security.web.access.ExceptionTranslationFilter@29c59b6e, org.springframework.security.web.access.intercept.FilterSecurityInterceptor@68f776ee]
2020-11-04 02:31:47.987 [main] INFO  org.springframework.scheduling.concurrent.ThreadPoolTaskExecutor - Initializing ExecutorService 'applicationTaskExecutor'
2020-11-04 02:31:48.117 [main] WARN  org.springframework.boot.autoconfigure.orm.jpa.JpaBaseConfiguration$JpaWebConfiguration$JpaWebMvcConfiguration - spring.jpa.open-in-view is enabled by default. Therefore, database queries may be performed during view rendering. Explicitly configure spring.jpa.open-in-view to disable this warning
2020-11-04 02:31:48.620 [main] INFO  org.apache.coyote.http11.Http11NioProtocol - Starting ProtocolHandler ["http-nio-8080"]
2020-11-04 02:31:48.675 [main] INFO  org.springframework.boot.web.embedded.tomcat.TomcatWebServer - Tomcat started on port(s): 8080 (http) with context path ''
2020-11-04 02:31:48.681 [main] INFO  com.example.demo.SareetaApplication - Started SareetaApplication in 18.274 seconds (JVM running for 20.269)
2020-11-04 17:05:32.533 [HikariPool-1 housekeeper] WARN  com.zaxxer.hikari.pool.HikariPool - HikariPool-1 - Thread starvation or clock leap detected (housekeeper delta=14h31m21s560ms).
